{"level":"info","message":"levantado"}
{"level":"info","message":"levantado"}
{"level":"info","message":"levantado"}
{"level":"info","message":"levantado"}
{"level":"debug","message":"causa del error: undefined"}
{"level":"debug","message":"-------------------------------------------------"}
{"level":"info","message":"levantado"}
{"level":"debug","message":"causa del error: undefined"}
{"level":"debug","message":"-------------------------------------------------"}
{"level":"info","message":"levantado"}
{"level":"debug","message":"causa del error: undefined"}
{"level":"debug","message":"-------------------------------------------------"}
{"level":"info","message":"levantado"}
{"level":"debug","message":"causa del error: LIMIT_UNEXPECTED_FILE"}
{"level":"debug","message":"-------------------------------------------------"}
{"level":"info","message":"levantado"}
{"level":"debug","message":"causa del error: LIMIT_UNEXPECTED_FILE"}
{"level":"debug","message":"-------------------------------------------------"}
{"level":"info","message":"levantado"}
{"level":"info","message":"levantado"}
{"level":"debug","message":"causa del error: undefined"}
{"level":"debug","message":"-------------------------------------------------"}
{"level":"info","message":"levantado"}
{"level":"info","message":"levantado"}
{"level":"info","message":"levantado"}
{"level":"info","message":"levantado"}
{"level":"info","message":"levantado"}
{"level":"info","message":"levantado"}
{"level":"info","message":"levantado"}
{"level":"info","message":"usuario con rol de admin logeado"}
{"level":"info","message":"levantado"}
{"level":"info","message":"usuario con rol de admin logeado"}
{"level":"info","message":"levantado"}
{"level":"info","message":"usuario con rol de admin logeado"}
{"level":"info","message":"levantado"}
{"level":"info","message":"usuario con rol de admin logeado"}
{"level":"info","message":"levantado"}
{"level":"info","message":"usuario con rol de admin logeado"}
{"level":"info","message":"levantado"}
{"level":"info","message":"usuario con rol de admin logeado"}
{"level":"info","message":"levantado"}
{"level":"info","message":"usuario con rol de admin logeado"}
{"level":"info","message":"levantado"}
{"level":"info","message":"usuario con rol de admin logeado"}
{"level":"info","message":"levantado"}
{"level":"info","message":"levantado"}
{"level":"debug","message":"causa del error: undefined"}
{"level":"debug","message":"-------------------------------------------------"}
{"level":"info","message":"levantado"}
{"level":"debug","message":"causa del error: undefined"}
{"level":"debug","message":"-------------------------------------------------"}
{"level":"info","message":"levantado"}
{"level":"debug","message":"causa del error: undefined"}
{"level":"debug","message":"-------------------------------------------------"}
{"level":"info","message":"levantado"}
{"level":"info","message":"levantado"}
{"level":"debug","message":"causa del error: undefined"}
{"level":"debug","message":"-------------------------------------------------"}
{"level":"info","message":"levantado"}
{"level":"debug","message":"causa del error: undefined"}
{"level":"debug","message":"-------------------------------------------------"}
{"level":"info","message":"levantado"}
{"level":"info","message":"levantado"}
{"level":"info","message":"levantado"}
{"level":"debug","message":"causa del error: undefined"}
{"level":"debug","message":"-------------------------------------------------"}
{"level":"info","message":"levantado"}
{"level":"info","message":"levantado"}
{"level":"info","message":"levantado"}
{"level":"info","message":"levantado"}
{"level":"info","message":"levantado"}
{"level":"info","message":"levantado"}
{"level":"info","message":"levantado"}
{"level":"info","message":"levantado"}
{"level":"info","message":"levantado"}
{"level":"info","message":"levantado"}
{"level":"info","message":"levantado"}
{"level":"info","message":"levantado"}
{"level":"info","message":"levantado"}
{"level":"info","message":"levantado"}
{"level":"info","message":"levantado"}
{"level":"info","message":"levantado"}
{"level":"info","message":"levantado"}
{"level":"info","message":"levantado"}
{"level":"info","message":"levantado"}
{"level":"info","message":"levantado"}
{"level":"info","message":"levantado"}
{"level":"info","message":"levantado"}
{"level":"info","message":"levantado"}
{"level":"info","message":"levantado"}
{"level":"info","message":"levantado"}
{"level":"info","message":"levantado"}
{"level":"info","message":"levantado"}
{"level":"info","message":"levantado"}
{"level":"info","message":"levantado"}
{"level":"info","message":"levantado"}
{"level":"info","message":"levantado"}
{"level":"info","message":"levantado"}
{"level":"info","message":"levantado"}
{"level":"info","message":"levantado"}
{"level":"info","message":"levantado"}
{"level":"info","message":"levantado"}
{"level":"info","message":"levantado"}
{"level":"info","message":"levantado"}
{"level":"info","message":"levantado"}
{"level":"info","message":"usuario con rol de admin logeado"}
{"level":"info","message":"levantado"}
{"level":"info","message":"levantado"}
{"level":"info","message":"levantado"}
{"level":"info","message":"levantado"}
{"level":"info","message":"levantado"}
{"level":"info","message":"levantado"}
{"level":"info","message":"levantado"}
{"level":"info","message":"levantado"}
{"level":"info","message":"levantado"}
{"level":"info","message":"levantado"}
{"level":"info","message":"levantado"}
{"level":"info","message":"levantado"}
{"level":"info","message":"levantado"}
{"level":"info","message":"levantado"}
{"level":"info","message":"levantado"}
{"level":"info","message":"levantado"}
{"level":"info","message":"levantado"}
{"level":"info","message":"levantado"}
{"level":"info","message":"levantado"}
{"level":"debug","message":"causa del error: Error de conexion"}
{"level":"debug","message":"-------------------------------------------------"}
{"level":"info","message":"levantado"}
{"level":"debug","message":"causa del error: Error de conexion"}
{"level":"debug","message":"-------------------------------------------------"}
{"level":"info","message":"levantado"}
{"level":"debug","message":"causa del error: Error de conexion"}
{"level":"debug","message":"-------------------------------------------------"}
{"level":"info","message":"levantado"}
{"level":"debug","message":"causa del error: Error no se a terminado de procesar los documetnos"}
{"level":"debug","message":"-------------------------------------------------"}
{"level":"info","message":"levantado"}
{"level":"info","message":"levantado"}
{"level":"debug","message":"causa del error: Error no se a terminado de procesar los documetnos"}
{"level":"debug","message":"-------------------------------------------------"}
{"level":"info","message":"levantado"}
{"level":"info","message":"levantado"}
{"level":"info","message":"levantado"}
{"level":"info","message":"levantado"}
{"level":"info","message":"levantado"}
{"level":"debug","message":"causa del error: Error no se a terminado de subir la documentacion"}
{"level":"debug","message":"-------------------------------------------------"}
