{"level":"info","message":"usuario con rol de admin logeado"}
{"level":"info","message":"levantado"}
{"level":"info","message":"levantado"}
{"level":"info","message":"levantado"}
{"level":"info","message":"levantado"}
{"level":"info","message":"levantado"}
{"level":"info","message":"levantado"}
{"level":"info","message":"levantado"}
{"level":"info","message":"levantado"}
{"level":"info","message":"levantado"}
{"level":"debug","message":"causa del error Error no se encontro usuario"}
{"level":"debug","message":"-------------------------------------------------"}
{"level":"info","message":"levantado"}
{"level":"info","message":"levantado"}
{"level":"info","message":"levantado"}
{"level":"info","message":"levantado"}
{"level":"info","message":"levantado"}
{"level":"info","message":"levantado"}
{"level":"info","message":"levantado"}
{"level":"info","message":"levantado"}
{"level":"info","message":"levantado"}
{"level":"info","message":"levantado"}
{"level":"info","message":"levantado"}
{"level":"info","message":"levantado"}
{"level":"info","message":"levantado"}
{"level":"info","message":"levantado"}
{"level":"info","message":"levantado"}
{"level":"info","message":"levantado"}
{"level":"info","message":"levantado"}
{"level":"info","message":"levantado"}
{"level":"info","message":"levantado"}
{"level":"info","message":"levantado"}
{"level":"info","message":"usuario con rol de admin logeado"}
{"level":"debug","message":"causa del error: Error de conexion"}
{"level":"debug","message":"-------------------------------------------------"}
{"level":"debug","message":"causa del error: Error de conexion"}
{"level":"debug","message":"-------------------------------------------------"}
{"level":"debug","message":"causa del error: Error de conexion"}
{"level":"debug","message":"-------------------------------------------------"}
{"level":"debug","message":"causa del error: Error de conexion"}
{"level":"debug","message":"-------------------------------------------------"}
{"level":"debug","message":"causa del error: Error de conexion"}
{"level":"debug","message":"-------------------------------------------------"}
{"level":"debug","message":"causa del error: Error de conexion"}
{"level":"debug","message":"-------------------------------------------------"}
{"level":"debug","message":"causa del error: Error de conexion"}
{"level":"debug","message":"-------------------------------------------------"}
{"level":"debug","message":"causa del error: Error de conexion"}
{"level":"debug","message":"-------------------------------------------------"}
{"level":"debug","message":"causa del error: Error de conexion"}
{"level":"debug","message":"-------------------------------------------------"}
{"level":"debug","message":"causa del error: Error de conexion"}
{"level":"debug","message":"-------------------------------------------------"}
{"level":"info","message":"levantado"}
{"level":"info","message":"levantado"}
{"level":"info","message":"levantado"}
{"level":"info","message":"levantado"}
{"level":"info","message":"levantado"}
{"level":"info","message":"levantado"}
{"level":"info","message":"levantado"}
{"level":"info","message":"levantado"}
{"level":"info","message":"levantado"}
{"level":"info","message":"levantado"}
{"level":"info","message":"levantado"}
{"level":"info","message":"levantado"}
{"level":"info","message":"levantado"}
{"level":"info","message":"levantado"}
{"level":"info","message":"levantado"}
{"level":"info","message":"levantado"}
{"level":"info","message":"levantado"}
{"level":"info","message":"levantado"}
{"level":"info","message":"levantado"}
{"level":"info","message":"levantado"}
{"level":"info","message":"levantado"}
{"level":"info","message":"levantado"}
{"level":"info","message":"levantado"}
{"level":"info","message":"levantado"}
{"level":"info","message":"levantado"}
{"level":"info","message":"levantado"}
{"level":"info","message":"levantado"}
{"level":"debug","message":"causa del error: Error de conexion"}
{"level":"debug","message":"-------------------------------------------------"}
{"level":"debug","message":"causa del error: Error de conexion"}
{"level":"debug","message":"-------------------------------------------------"}
{"level":"info","message":"levantado"}
{"level":"info","message":"levantado"}
{"level":"debug","message":"causa del error: Error de conexion"}
{"level":"debug","message":"-------------------------------------------------"}
{"level":"debug","message":"causa del error: Error de conexion"}
{"level":"debug","message":"-------------------------------------------------"}
{"level":"info","message":"levantado"}
{"level":"info","message":"levantado"}
{"level":"info","message":"levantado"}
{"level":"debug","message":"causa del error: Error de conexion"}
{"level":"debug","message":"-------------------------------------------------"}
{"level":"info","message":"levantado"}
{"level":"debug","message":"causa del error: Error de conexion"}
{"level":"debug","message":"-------------------------------------------------"}
{"level":"info","message":"levantado"}
{"level":"debug","message":"causa del error: Error de conexion"}
{"level":"debug","message":"-------------------------------------------------"}
{"level":"info","message":"levantado"}
{"level":"debug","message":"causa del error: Error de conexion"}
{"level":"debug","message":"-------------------------------------------------"}
{"level":"info","message":"levantado"}
{"level":"info","message":"levantado"}
{"level":"info","message":"levantado"}
{"level":"info","message":"levantado"}
{"level":"info","message":"levantado"}
{"level":"info","message":"levantado"}
{"level":"info","message":"levantado"}
{"level":"info","message":"levantado"}
{"level":"info","message":"levantado"}
{"level":"info","message":"levantado"}
{"level":"info","message":"levantado"}
{"level":"info","message":"levantado"}
{"level":"info","message":"levantado"}
{"level":"info","message":"levantado"}
{"level":"info","message":"levantado"}
{"level":"info","message":"levantado"}
{"level":"info","message":"levantado"}
{"level":"info","message":"levantado"}
{"level":"info","message":"levantado"}
{"level":"info","message":"levantado"}
{"level":"info","message":"levantado"}
{"level":"info","message":"levantado"}
{"level":"info","message":"levantado"}
{"level":"info","message":"levantado"}
{"level":"info","message":"levantado"}
{"level":"info","message":"levantado"}
{"level":"info","message":"levantado"}
{"level":"info","message":"levantado"}
{"level":"info","message":"levantado"}
{"level":"info","message":"levantado"}
{"level":"info","message":"levantado"}
{"level":"info","message":"levantado"}
{"level":"info","message":"levantado"}
{"level":"info","message":"levantado"}
{"level":"info","message":"levantado"}
{"level":"info","message":"levantado"}
{"level":"info","message":"levantado"}
{"level":"info","message":"levantado"}
{"level":"info","message":"levantado"}
{"level":"info","message":"levantado"}
{"level":"info","message":"levantado"}
{"level":"info","message":"levantado"}
{"level":"info","message":"levantado"}
{"level":"info","message":"levantado"}
{"level":"info","message":"levantado"}
{"level":"info","message":"levantado"}
{"level":"info","message":"levantado"}
{"level":"info","message":"levantado"}
{"level":"info","message":"levantado"}
{"level":"info","message":"levantado"}
{"level":"info","message":"levantado"}
{"level":"info","message":"levantado"}
{"level":"info","message":"levantado"}
{"level":"info","message":"levantado"}
{"level":"debug","message":"causa del error: No existe carrito"}
{"level":"debug","message":"-------------------------------------------------"}
{"level":"info","message":"levantado"}
{"level":"debug","message":"causa del error: No existe producto"}
{"level":"debug","message":"-------------------------------------------------"}
{"level":"debug","message":"causa del error: No existe producto"}
{"level":"debug","message":"-------------------------------------------------"}
{"level":"info","message":"levantado"}
{"level":"info","message":"levantado"}
{"level":"info","message":"levantado"}
{"level":"info","message":"levantado"}
{"level":"info","message":"levantado"}
{"level":"info","message":"levantado"}
{"level":"info","message":"levantado"}
{"level":"info","message":"levantado"}
{"level":"info","message":"levantado"}
{"level":"info","message":"levantado"}
{"level":"info","message":"levantado"}
{"level":"info","message":"levantado"}
{"level":"info","message":"levantado"}
{"level":"info","message":"levantado"}
{"level":"info","message":"levantado"}
{"level":"info","message":"levantado"}
{"level":"info","message":"levantado"}
{"level":"debug","message":"causa del error: Error de conexion"}
{"level":"debug","message":"-------------------------------------------------"}
{"level":"debug","message":"causa del error: Error de conexion"}
{"level":"debug","message":"-------------------------------------------------"}
{"level":"info","message":"levantado"}
{"level":"info","message":"levantado"}
{"level":"info","message":"levantado"}
{"level":"info","message":"levantado"}
{"level":"info","message":"levantado"}
{"level":"info","message":"levantado"}
{"level":"info","message":"levantado"}
{"level":"info","message":"levantado"}
{"level":"info","message":"levantado"}
{"level":"info","message":"levantado"}
{"level":"info","message":"levantado"}
{"level":"info","message":"levantado"}
{"level":"info","message":"levantado"}
{"level":"info","message":"levantado"}
{"level":"info","message":"levantado"}
{"level":"info","message":"levantado"}
{"level":"info","message":"levantado"}
{"level":"info","message":"levantado"}
{"level":"info","message":"levantado"}
{"level":"info","message":"levantado"}
{"level":"info","message":"levantado"}
{"level":"info","message":"levantado"}
{"level":"info","message":"levantado"}
{"level":"info","message":"levantado"}
{"level":"info","message":"levantado"}
